<?xml version="1.0" encoding="UTF-8"?>
<coverage generated="1562186266790" clover="3.2.0">
  <project timestamp="1562186266791" name="All files">
    <metrics statements="31" coveredstatements="0" conditionals="4" coveredconditionals="0" methods="6" coveredmethods="0" elements="41" coveredelements="0" complexity="0" loc="31" ncloc="31" packages="4" files="7" classes="7">
      <package name="src">
        <metrics statements="1" coveredstatements="0" conditionals="0" coveredconditionals="0" methods="0" coveredmethods="0"/>
        <file name="App.vue" path="/home/mint/Documents/ui/broadcast-ui/src/App.vue">
          <metrics statements="1" coveredstatements="0" conditionals="0" coveredconditionals="0" methods="0" coveredmethods="0"/>
          <line num="12" count="0" type="stmt"/>
        </file>
      </package>
      <package name="src.components">
        <metrics statements="5" coveredstatements="0" conditionals="0" coveredconditionals="0" methods="2" coveredmethods="0"/>
        <file name="HelloWorld.vue" path="/home/mint/Documents/ui/broadcast-ui/src/components/HelloWorld.vue">
          <metrics statements="1" coveredstatements="0" conditionals="0" coveredconditionals="0" methods="1" coveredmethods="0"/>
          <line num="17" count="0" type="stmt"/>
        </file>
        <file name="MenuForm.vue" path="/home/mint/Documents/ui/broadcast-ui/src/components/MenuForm.vue">
          <metrics statements="1" coveredstatements="0" conditionals="0" coveredconditionals="0" methods="0" coveredmethods="0"/>
          <line num="30" count="0" type="stmt"/>
        </file>
        <file name="ModalDialog.vue" path="/home/mint/Documents/ui/broadcast-ui/src/components/ModalDialog.vue">
          <metrics statements="2" coveredstatements="0" conditionals="0" coveredconditionals="0" methods="1" coveredmethods="0"/>
          <line num="38" count="0" type="stmt"/>
          <line num="46" count="0" type="stmt"/>
        </file>
        <file name="SnackBarNotify.vue" path="/home/mint/Documents/ui/broadcast-ui/src/components/SnackBarNotify.vue">
          <metrics statements="1" coveredstatements="0" conditionals="0" coveredconditionals="0" methods="0" coveredmethods="0"/>
          <line num="9" count="0" type="stmt"/>
        </file>
      </package>
      <package name="src.views">
        <metrics statements="1" coveredstatements="0" conditionals="0" coveredconditionals="0" methods="0" coveredmethods="0"/>
        <file name="Home.vue" path="/home/mint/Documents/ui/broadcast-ui/src/views/Home.vue">
          <metrics statements="1" coveredstatements="0" conditionals="0" coveredconditionals="0" methods="0" coveredmethods="0"/>
          <line num="6" count="0" type="stmt"/>
        </file>
      </package>
      <package name="src.views.messages">
        <metrics statements="24" coveredstatements="0" conditionals="4" coveredconditionals="0" methods="4" coveredmethods="0"/>
        <file name="MessageManagement.vue" path="/home/mint/Documents/ui/broadcast-ui/src/views/messages/MessageManagement.vue">
          <metrics statements="24" coveredstatements="0" conditionals="4" coveredconditionals="0" methods="4" coveredmethods="0"/>
          <line num="48" count="0" type="stmt"/>
          <line num="49" count="0" type="stmt"/>
          <line num="50" count="0" type="stmt"/>
          <line num="61" count="0" type="stmt"/>
          <line num="87" count="0" type="stmt"/>
          <line num="90" count="0" type="stmt"/>
          <line num="91" count="0" type="stmt"/>
          <line num="95" count="0" type="stmt"/>
          <line num="96" count="0" type="stmt"/>
          <line num="100" count="0" type="stmt"/>
          <line num="101" count="0" type="stmt"/>
          <line num="102" count="0" type="stmt"/>
          <line num="106" count="0" type="stmt"/>
          <line num="107" count="0" type="cond" truecount="0" falsecount="2"/>
          <line num="108" count="0" type="stmt"/>
          <line num="109" count="0" type="stmt"/>
          <line num="112" count="0" type="stmt"/>
          <line num="113" count="0" type="stmt"/>
          <line num="116" count="0" type="stmt"/>
          <line num="117" count="0" type="stmt"/>
          <line num="118" count="0" type="stmt"/>
          <line num="122" count="0" type="stmt"/>
          <line num="123" count="0" type="stmt"/>
          <line num="124" count="0" type="stmt"/>
        </file>
      </package>
    </metrics>
  </project>
</coverage>
