{"/home/mint/Documents/ui/broadcast-ui/src/App.vue": {"path":"/home/mint/Documents/ui/broadcast-ui/src/App.vue","statementMap":{"0":{"start":{"line":12,"column":0},"end":{"line":null,"column":-1}}},"fnMap":{},"branchMap":{},"s":{"0":0},"f":{},"b":{}}
,"/home/mint/Documents/ui/broadcast-ui/src/components/HelloWorld.vue": {"path":"/home/mint/Documents/ui/broadcast-ui/src/components/HelloWorld.vue","statementMap":{"0":{"start":{"line":17,"column":0},"end":{"line":null,"column":-1}}},"fnMap":{"0":{"name":"(anonymous_1)","decl":{"start":{"line":17,"column":0},"end":{"line":null,"column":-1}},"loc":{"start":{"line":17,"column":0},"end":{"line":null,"column":-1}}}},"branchMap":{},"s":{"0":0},"f":{"0":0},"b":{}}
,"/home/mint/Documents/ui/broadcast-ui/src/components/MenuForm.vue": {"path":"/home/mint/Documents/ui/broadcast-ui/src/components/MenuForm.vue","statementMap":{"0":{"start":{"line":30,"column":0},"end":{"line":null,"column":-1}}},"fnMap":{},"branchMap":{},"s":{"0":0},"f":{},"b":{}}
,"/home/mint/Documents/ui/broadcast-ui/src/components/ModalDialog.vue": {"path":"/home/mint/Documents/ui/broadcast-ui/src/components/ModalDialog.vue","statementMap":{"0":{"start":{"line":38,"column":0},"end":{"line":null,"column":-1}},"1":{"start":{"line":46,"column":0},"end":{"line":null,"column":-1}}},"fnMap":{"0":{"name":"(anonymous_1)","decl":{"start":{"line":38,"column":0},"end":{"line":null,"column":-1}},"loc":{"start":{"line":38,"column":0},"end":{"line":null,"column":-1}}}},"branchMap":{},"s":{"0":0,"1":0},"f":{"0":0},"b":{}}
,"/home/mint/Documents/ui/broadcast-ui/src/components/SnackBarNotify.vue": {"path":"/home/mint/Documents/ui/broadcast-ui/src/components/SnackBarNotify.vue","statementMap":{"0":{"start":{"line":9,"column":0},"end":{"line":null,"column":-1}}},"fnMap":{},"branchMap":{},"s":{"0":0},"f":{},"b":{}}
,"/home/mint/Documents/ui/broadcast-ui/src/views/Home.vue": {"path":"/home/mint/Documents/ui/broadcast-ui/src/views/Home.vue","statementMap":{"0":{"start":{"line":6,"column":0},"end":{"line":null,"column":-1}}},"fnMap":{},"branchMap":{},"s":{"0":0},"f":{},"b":{}}
,"/home/mint/Documents/ui/broadcast-ui/src/views/messages/MessageManagement.vue": {"path":"/home/mint/Documents/ui/broadcast-ui/src/views/messages/MessageManagement.vue","statementMap":{"0":{"start":{"line":48,"column":0},"end":{"line":null,"column":-1}},"1":{"start":{"line":49,"column":0},"end":{"line":null,"column":-1}},"2":{"start":{"line":50,"column":0},"end":{"line":null,"column":-1}},"3":{"start":{"line":61,"column":0},"end":{"line":null,"column":-1}},"4":{"start":{"line":87,"column":0},"end":{"line":null,"column":-1}},"5":{"start":{"line":90,"column":0},"end":{"line":92,"column":0}},"6":{"start":{"line":91,"column":0},"end":{"line":null,"column":-1}},"7":{"start":{"line":95,"column":0},"end":{"line":97,"column":0}},"8":{"start":{"line":96,"column":0},"end":{"line":null,"column":-1}},"9":{"start":{"line":100,"column":0},"end":{"line":null,"column":-1}},"10":{"start":{"line":101,"column":0},"end":{"line":103,"column":0}},"11":{"start":{"line":102,"column":0},"end":{"line":null,"column":-1}},"12":{"start":{"line":106,"column":0},"end":{"line":null,"column":-1}},"13":{"start":{"line":107,"column":0},"end":{"line":111,"column":0}},"14":{"start":{"line":108,"column":0},"end":{"line":110,"column":0}},"15":{"start":{"line":109,"column":0},"end":{"line":null,"column":-1}},"16":{"start":{"line":112,"column":0},"end":{"line":null,"column":-1}},"17":{"start":{"line":113,"column":0},"end":{"line":null,"column":-1}},"18":{"start":{"line":116,"column":0},"end":{"line":null,"column":-1}},"19":{"start":{"line":117,"column":0},"end":{"line":null,"column":-1}},"20":{"start":{"line":118,"column":0},"end":{"line":null,"column":-1}},"21":{"start":{"line":122,"column":0},"end":{"line":null,"column":-1}},"22":{"start":{"line":123,"column":0},"end":{"line":null,"column":-1}},"23":{"start":{"line":124,"column":0},"end":{"line":null,"column":-1}}},"fnMap":{"0":{"name":"(anonymous_1)","decl":{"start":{"line":90,"column":0},"end":{"line":null,"column":-1}},"loc":{"start":{"line":90,"column":0},"end":{"line":92,"column":0}}},"1":{"name":"(anonymous_2)","decl":{"start":{"line":95,"column":0},"end":{"line":null,"column":-1}},"loc":{"start":{"line":95,"column":0},"end":{"line":97,"column":0}}},"2":{"name":"(anonymous_3)","decl":{"start":{"line":101,"column":0},"end":{"line":null,"column":-1}},"loc":{"start":{"line":101,"column":0},"end":{"line":103,"column":0}}},"3":{"name":"(anonymous_4)","decl":{"start":{"line":108,"column":0},"end":{"line":null,"column":-1}},"loc":{"start":{"line":108,"column":0},"end":{"line":110,"column":0}}}},"branchMap":{"0":{"loc":{"start":{"line":62,"column":0},"end":{"line":null,"column":-1}},"type":"binary-expr","locations":[{"start":{"line":62,"column":0},"end":{"line":null,"column":-1}},{"start":{"line":62,"column":0},"end":{"line":null,"column":-1}}]},"1":{"loc":{"start":{"line":107,"column":0},"end":{"line":111,"column":0}},"type":"if","locations":[{"start":{"line":107,"column":0},"end":{"line":111,"column":0}},{"start":{"line":107,"column":0},"end":{"line":111,"column":0}}]}},"s":{"0":0,"1":0,"2":0,"3":0,"4":0,"5":0,"6":0,"7":0,"8":0,"9":0,"10":0,"11":0,"12":0,"13":0,"14":0,"15":0,"16":0,"17":0,"18":0,"19":0,"20":0,"21":0,"22":0,"23":0},"f":{"0":0,"1":0,"2":0,"3":0},"b":{"0":[0,0],"1":[0,0]}}
}
