TN:
SF:/home/mint/Documents/ui/broadcast-ui/src/App.vue
FNF:0
FNH:0
DA:12,0
LF:1
LH:0
BRF:0
BRH:0
end_of_record
TN:
SF:/home/mint/Documents/ui/broadcast-ui/src/components/HelloWorld.vue
FN:17,(anonymous_1)
FNF:1
FNH:0
FNDA:0,(anonymous_1)
DA:17,0
LF:1
LH:0
BRF:0
BRH:0
end_of_record
TN:
SF:/home/mint/Documents/ui/broadcast-ui/src/components/MenuForm.vue
FNF:0
FNH:0
DA:30,0
LF:1
LH:0
BRF:0
BRH:0
end_of_record
TN:
SF:/home/mint/Documents/ui/broadcast-ui/src/components/ModalDialog.vue
FN:38,(anonymous_1)
FNF:1
FNH:0
FNDA:0,(anonymous_1)
DA:38,0
DA:46,0
LF:2
LH:0
BRF:0
BRH:0
end_of_record
TN:
SF:/home/mint/Documents/ui/broadcast-ui/src/components/SnackBarNotify.vue
FNF:0
FNH:0
DA:9,0
LF:1
LH:0
BRF:0
BRH:0
end_of_record
TN:
SF:/home/mint/Documents/ui/broadcast-ui/src/views/Home.vue
FNF:0
FNH:0
DA:6,0
LF:1
LH:0
BRF:0
BRH:0
end_of_record
TN:
SF:/home/mint/Documents/ui/broadcast-ui/src/views/messages/MessageManagement.vue
FN:90,(anonymous_1)
FN:95,(anonymous_2)
FN:101,(anonymous_3)
FN:108,(anonymous_4)
FNF:4
FNH:0
FNDA:0,(anonymous_1)
FNDA:0,(anonymous_2)
FNDA:0,(anonymous_3)
FNDA:0,(anonymous_4)
DA:48,0
DA:49,0
DA:50,0
DA:61,0
DA:87,0
DA:90,0
DA:91,0
DA:95,0
DA:96,0
DA:100,0
DA:101,0
DA:102,0
DA:106,0
DA:107,0
DA:108,0
DA:109,0
DA:112,0
DA:113,0
DA:116,0
DA:117,0
DA:118,0
DA:122,0
DA:123,0
DA:124,0
LF:24
LH:0
BRDA:62,0,0,0
BRDA:62,0,1,0
BRDA:107,1,0,0
BRDA:107,1,1,0
BRF:4
BRH:0
end_of_record
